{"/Users/ankit/development/Ankit/slugify-plus/src/slugify.ts": {"path":"/Users/ankit/development/Ankit/slugify-plus/src/slugify.ts","statementMap":{"0":{"start":{"line":10,"column":0},"end":{"line":10,"column":16}},"1":{"start":{"line":1,"column":0},"end":{"line":1,"column":56}},"2":{"start":{"line":2,"column":0},"end":{"line":2,"column":56}},"3":{"start":{"line":11,"column":18},"end":{"line":11,"column":42}},"4":{"start":{"line":12,"column":13},"end":{"line":12,"column":53}},"5":{"start":{"line":14,"column":2},"end":{"line":16,"column":3}},"6":{"start":{"line":15,"column":4},"end":{"line":15,"column":33}},"7":{"start":{"line":18,"column":2},"end":{"line":18,"column":69}},"8":{"start":{"line":20,"column":2},"end":{"line":22,"column":3}},"9":{"start":{"line":21,"column":4},"end":{"line":21,"column":89}},"10":{"start":{"line":24,"column":2},"end":{"line":24,"column":14}}},"fnMap":{"0":{"name":"slugify","decl":{"start":{"line":10,"column":16},"end":{"line":10,"column":23}},"loc":{"start":{"line":10,"column":63},"end":{"line":25,"column":1}}}},"branchMap":{"0":{"loc":{"start":{"line":10,"column":38},"end":{"line":10,"column":63}},"type":"default-arg","locations":[{"start":{"line":10,"column":61},"end":{"line":10,"column":63}}]},"1":{"loc":{"start":{"line":11,"column":18},"end":{"line":11,"column":42}},"type":"binary-expr","locations":[{"start":{"line":11,"column":18},"end":{"line":11,"column":35}},{"start":{"line":11,"column":39},"end":{"line":11,"column":42}}]},"2":{"loc":{"start":{"line":14,"column":2},"end":{"line":16,"column":3}},"type":"if","locations":[{"start":{"line":14,"column":2},"end":{"line":16,"column":3}}]},"3":{"loc":{"start":{"line":20,"column":2},"end":{"line":22,"column":3}},"type":"if","locations":[{"start":{"line":20,"column":2},"end":{"line":22,"column":3}}]}},"s":{"0":1,"1":1,"2":1,"3":4,"4":4,"5":4,"6":1,"7":4,"8":4,"9":1,"10":4},"f":{"0":4},"b":{"0":[1],"1":[4,3],"2":[1],"3":[1]}}
,"/Users/ankit/development/Ankit/slugify-plus/src/filters/removeStopWords.ts": {"path":"/Users/ankit/development/Ankit/slugify-plus/src/filters/removeStopWords.ts","statementMap":{"0":{"start":{"line":3,"column":0},"end":{"line":3,"column":24}},"1":{"start":{"line":1,"column":19},"end":{"line":1,"column":92}},"2":{"start":{"line":4,"column":2},"end":{"line":7,"column":15}},"3":{"start":{"line":6,"column":20},"end":{"line":6,"column":41}}},"fnMap":{"0":{"name":"removeStopWords","decl":{"start":{"line":3,"column":24},"end":{"line":3,"column":39}},"loc":{"start":{"line":3,"column":52},"end":{"line":8,"column":1}}},"1":{"name":"(anonymous_1)","decl":{"start":{"line":6,"column":12},"end":{"line":6,"column":16}},"loc":{"start":{"line":6,"column":20},"end":{"line":6,"column":41}}}},"branchMap":{},"s":{"0":1,"1":1,"2":1,"3":4},"f":{"0":1,"1":4},"b":{}}
,"/Users/ankit/development/Ankit/slugify-plus/src/filters/transliterate.ts": {"path":"/Users/ankit/development/Ankit/slugify-plus/src/filters/transliterate.ts","statementMap":{"0":{"start":{"line":3,"column":0},"end":{"line":3,"column":16}},"1":{"start":{"line":1,"column":0},"end":{"line":1,"column":54}},"2":{"start":{"line":4,"column":2},"end":{"line":4,"column":18}}},"fnMap":{"0":{"name":"transliterate","decl":{"start":{"line":3,"column":16},"end":{"line":3,"column":29}},"loc":{"start":{"line":3,"column":42},"end":{"line":5,"column":1}}}},"branchMap":{},"s":{"0":1,"1":1,"2":4},"f":{"0":4},"b":{}}
}
