TN:
SF:src/slugify.ts
FN:10,slugify
FNF:1
FNH:1
FNDA:4,slugify
DA:1,1
DA:2,1
DA:10,1
DA:11,4
DA:12,4
DA:14,4
DA:15,1
DA:18,4
DA:20,4
DA:21,1
DA:24,4
LF:11
LH:11
BRDA:10,0,0,1
BRDA:11,1,0,4
BRDA:11,1,1,3
BRDA:14,2,0,1
BRDA:20,3,0,1
BRF:5
BRH:5
end_of_record
TN:
SF:src/filters/removeStopWords.ts
FN:3,removeStopWords
FN:6,(anonymous_1)
FNF:2
FNH:2
FNDA:1,removeStopWords
FNDA:4,(anonymous_1)
DA:1,1
DA:3,1
DA:4,1
DA:6,4
LF:4
LH:4
BRF:0
BRH:0
end_of_record
TN:
SF:src/filters/transliterate.ts
FN:3,transliterate
FNF:1
FNH:1
FNDA:4,transliterate
DA:1,1
DA:3,1
DA:4,4
LF:3
LH:3
BRF:0
BRH:0
end_of_record
